# JRE version: Java(TM) SE Runtime Environment (24.0.2+12) (build 24.0.2+12-54)
# Java VM: Java HotSpot(TM) 64-Bit Server VM (24.0.2+12-54, mixed mode, sharing, tiered, compressed oops, compressed class ptrs, g1 gc, windows-amd64)
GC Precious Log:
 CardTable entry size: 512
 Card Set container configuration: InlinePtr #cards 5 size 8 Array Of Cards #cards 10 size 36 Howl #buckets 4 coarsen threshold 1843 Howl Bitmap #cards 512 size 80 coarsen threshold 460 Card regions per heap region 1 cards per card region 2048
 CPUs: 4 total, 4 available
 Memory: 3838M
 Large Page Support: Disabled
 NUMA Support: Disabled
 Compressed Oops: Enabled (32-bit)
 Heap Region Size: 1M
 Heap Min Capacity: 8M
 Heap Initial Capacity: 60M
 Heap Max Capacity: 960M
 Pre-touch: Disabled
 Parallel Workers: 4
 Concurrent Workers: 1
 Concurrent Refinement Workers: 4
 Periodic GC: Disabled
Heap:
 garbage-first heap   total reserved 983040K, committed 48128K, used 26787K [0x00000000c4000000, 0x0000000100000000)
  region size 1024K, 14 young (14336K), 2 survivors (2048K)
 Metaspace       used 30672K, committed 31168K, reserved 1114112K
  class space    used 3293K, committed 3520K, reserved 1048576K
GC Heap History (10 events):
Event: 1.260 GC heap before
{Heap before GC invocations=0 (full 0):
 garbage-first heap   total reserved 983040K, committed 63488K, used 28788K [0x00000000c4000000, 0x0000000100000000)
  region size 1024K, 28 young (28672K), 0 survivors (0K)
 Metaspace       used 9490K, committed 9664K, reserved 1114112K
  class space    used 876K, committed 960K, reserved 1048576K
}
Event: 1.269 GC heap after
{Heap after GC invocations=1 (full 0):
 garbage-first heap   total reserved 983040K, committed 63488K, used 7924K [0x00000000c4000000, 0x0000000100000000)
  region size 1024K, 4 young (4096K), 4 survivors (4096K)
 Metaspace       used 9490K, committed 9664K, reserved 1114112K
  class space    used 876K, committed 960K, reserved 1048576K
}
Event: 1.891 GC heap before
{Heap before GC invocations=1 (full 0):
 garbage-first heap   total reserved 983040K, committed 63488K, used 30452K [0x00000000c4000000, 0x0000000100000000)
  region size 1024K, 27 young (27648K), 4 survivors (4096K)
 Metaspace       used 15330K, committed 15680K, reserved 1114112K
  class space    used 1465K, committed 1600K, reserved 1048576K
}
Event: 1.896 GC heap after
{Heap after GC invocations=2 (full 0):
 garbage-first heap   total reserved 983040K, committed 63488K, used 10421K [0x00000000c4000000, 0x0000000100000000)
  region size 1024K, 3 young (3072K), 3 survivors (3072K)
 Metaspace       used 15330K, committed 15680K, reserved 1114112K
  class space    used 1465K, committed 1600K, reserved 1048576K
}
Event: 2.525 GC heap before
{Heap before GC invocations=2 (full 0):
 garbage-first heap   total reserved 983040K, committed 63488K, used 30901K [0x00000000c4000000, 0x0000000100000000)
  region size 1024K, 25 young (25600K), 3 survivors (3072K)
 Metaspace       used 21116K, committed 21504K, reserved 1114112K
  class space    used 2092K, committed 2240K, reserved 1048576K
}
Event: 2.529 GC heap after
{Heap after GC invocations=3 (full 0):
 garbage-first heap   total reserved 983040K, committed 63488K, used 12926K [0x00000000c4000000, 0x0000000100000000)
  region size 1024K, 4 young (4096K), 4 survivors (4096K)
 Metaspace       used 21116K, committed 21504K, reserved 1114112K
  class space    used 2092K, committed 2240K, reserved 1048576K
}
Event: 3.045 GC heap before
{Heap before GC invocations=4 (full 0):
 garbage-first heap   total reserved 983040K, committed 48128K, used 36478K [0x00000000c4000000, 0x0000000100000000)
  region size 1024K, 28 young (28672K), 4 survivors (4096K)
 Metaspace       used 25295K, committed 25728K, reserved 1114112K
  class space    used 2730K, committed 2880K, reserved 1048576K
}
Event: 3.054 GC heap after
{Heap after GC invocations=5 (full 0):
 garbage-first heap   total reserved 983040K, committed 48128K, used 13931K [0x00000000c4000000, 0x0000000100000000)
  region size 1024K, 2 young (2048K), 2 survivors (2048K)
 Metaspace       used 25295K, committed 25728K, reserved 1114112K
  class space    used 2730K, committed 2880K, reserved 1048576K
}
Event: 183.682 GC heap before
{Heap before GC invocations=5 (full 0):
 garbage-first heap   total reserved 983040K, committed 48128K, used 34411K [0x00000000c4000000, 0x0000000100000000)
  region size 1024K, 23 young (23552K), 2 survivors (2048K)
 Metaspace       used 28500K, committed 28992K, reserved 1114112K
  class space    used 3149K, committed 3328K, reserved 1048576K
}
Event: 183.691 GC heap after
{Heap after GC invocations=6 (full 0):
 garbage-first heap   total reserved 983040K, committed 48128K, used 15523K [0x00000000c4000000, 0x0000000100000000)
  region size 1024K, 2 young (2048K), 2 survivors (2048K)
 Metaspace       used 28500K, committed 28992K, reserved 1114112K
  class space    used 3149K, committed 3328K, reserved 1048576K
}

